<?xml version="1.0" encoding="UTF-8"?>
<testsuite xmlns:xsi="http://www.w3.org/2001/XMLSchema-instance" xsi:noNamespaceSchemaLocation="https://maven.apache.org/surefire/maven-surefire-plugin/xsd/surefire-test-report-3.0.xsd" version="3.0" name="com.iwealthbane.canelon.CanelonApplicationTests" time="3.604" tests="1" errors="0" skipped="0" failures="0">
  <properties>
[...]
</properties>
  <testcase name="contextLoads" classname="com.iwealthbane.canelon.CanelonApplicationTests" time="0.706">
    <system-out><![CDATA[14:06:28.560 [main] INFO org.springframework.test.context.support.AnnotationConfigContextLoaderUtils -- Could not detect default configuration classes for test class [com.iwealthbane.canelon.CanelonApplicationTests]: CanelonApplicationTests does not declare any static, non-private, non-final, nested classes annotated with @Configuration.
14:06:28.648 [main] INFO org.springframework.boot.test.context.SpringBootTestContextBootstrapper -- Found @SpringBootConfiguration com.iwealthbane.canelon.CanelonApplication for test class com.iwealthbane.canelon.CanelonApplicationTests
  .   ____          _            __ _ _
 /\\ / ___'_ __ _ _(_)_ __  __ _ \ \ \ \
( ( )\___ | '_ | '_| | '_ \/ _` | \ \ \ \
 \\/  ___)| |_)| | | | | || (_| |  ) ) ) )
  '  |____| .__|_| |_|_| |_\__, | / / / /
 =========|_|==============|___/=/_/_/_/

 :: Spring Boot ::                (v3.3.0)

2024-06-10T14:06:29.051-05:00  INFO 16456 --- [canelon] [           main] c.i.canelon.CanelonApplicationTests      : Starting CanelonApplicationTests using Java 17.0.11 with PID 16456 (started by iweal in C:\Users\iweal\IdeaProjects\canelon)
2024-06-10T14:06:29.052-05:00  INFO 16456 --- [canelon] [           main] c.i.canelon.CanelonApplicationTests      : No active profile set, falling back to 1 default profile: "default"
2024-06-10T14:06:29.655-05:00  INFO 16456 --- [canelon] [           main] .s.d.r.c.RepositoryConfigurationDelegate : Bootstrapping Spring Data MongoDB repositories in DEFAULT mode.
2024-06-10T14:06:29.704-05:00  INFO 16456 --- [canelon] [           main] .s.d.r.c.RepositoryConfigurationDelegate : Finished Spring Data repository scanning in 45 ms. Found 1 MongoDB repository interface.
2024-06-10T14:06:30.312-05:00  INFO 16456 --- [canelon] [ys4.mongodb.net] org.mongodb.driver.cluster               : Adding discovered server ac-sl5m78r-shard-00-00.25vzys4.mongodb.net:27017 to client view of cluster
2024-06-10T14:06:30.317-05:00  INFO 16456 --- [canelon] [           main] org.mongodb.driver.client                : MongoClient with metadata {"application": {"name": "canelon-database"}, "driver": {"name": "mongo-java-driver|sync|spring-boot", "version": "5.0.1"}, "os": {"type": "Windows", "name": "Windows 11", "architecture": "amd64", "version": "10.0"}, "platform": "Java/Oracle Corporation/17.0.11+7-LTS-207"} created with settings MongoClientSettings{readPreference=primary, writeConcern=WriteConcern{w=majority, wTimeout=null ms, journal=null}, retryWrites=true, retryReads=true, readConcern=ReadConcern{level=null}, credential=MongoCredential{mechanism=null, userName='iwealthbane', source='admin', password=<hidden>, mechanismProperties=<hidden>}, transportSettings=null, commandListeners=[], codecRegistry=ProvidersCodecRegistry{codecProviders=[ValueCodecProvider{}, BsonValueCodecProvider{}, DBRefCodecProvider{}, DBObjectCodecProvider{}, DocumentCodecProvider{}, CollectionCodecProvider{}, IterableCodecProvider{}, MapCodecProvider{}, GeoJsonCodecProvider{}, GridFSFileCodecProvider{}, Jsr310CodecProvider{}, JsonObjectCodecProvider{}, BsonCodecProvider{}, EnumCodecProvider{}, com.mongodb.client.model.mql.ExpressionCodecProvider@5d94a2dc, com.mongodb.Jep395RecordCodecProvider@cedee22, com.mongodb.KotlinCodecProvider@59b32539]}, loggerSettings=LoggerSettings{maxDocumentLength=1000}, clusterSettings={hosts=[127.0.0.1:27017], srvHost=canelon-database.25vzys4.mongodb.net, srvServiceName=mongodb, mode=MULTIPLE, requiredClusterType=REPLICA_SET, requiredReplicaSetName='atlas-6yyyyn-shard-0', serverSelector='null', clusterListeners='[]', serverSelectionTimeout='30000 ms', localThreshold='15 ms'}, socketSettings=SocketSettings{connectTimeoutMS=10000, readTimeoutMS=0, receiveBufferSize=0, proxySettings=ProxySettings{host=null, port=null, username=null, password=null}}, heartbeatSocketSettings=SocketSettings{connectTimeoutMS=10000, readTimeoutMS=10000, receiveBufferSize=0, proxySettings=ProxySettings{host=null, port=null, username=null, password=null}}, connectionPoolSettings=ConnectionPoolSettings{maxSize=100, minSize=0, maxWaitTimeMS=120000, maxConnectionLifeTimeMS=0, maxConnectionIdleTimeMS=0, maintenanceInitialDelayMS=0, maintenanceFrequencyMS=60000, connectionPoolListeners=[], maxConnecting=2}, serverSettings=ServerSettings{heartbeatFrequencyMS=10000, minHeartbeatFrequencyMS=500, serverListeners='[]', serverMonitorListeners='[]'}, sslSettings=SslSettings{enabled=true, invalidHostNameAllowed=false, context=null}, applicationName='canelon-database', compressorList=[], uuidRepresentation=JAVA_LEGACY, serverApi=null, autoEncryptionSettings=null, dnsClient=null, inetAddressResolver=null, contextProvider=null}
2024-06-10T14:06:30.340-05:00  INFO 16456 --- [canelon] [ys4.mongodb.net] org.mongodb.driver.cluster               : Adding discovered server ac-sl5m78r-shard-00-01.25vzys4.mongodb.net:27017 to client view of cluster
2024-06-10T14:06:30.344-05:00  INFO 16456 --- [canelon] [ys4.mongodb.net] org.mongodb.driver.cluster               : Adding discovered server ac-sl5m78r-shard-00-02.25vzys4.mongodb.net:27017 to client view of cluster
2024-06-10T14:06:31.272-05:00  INFO 16456 --- [canelon] [           main] c.i.canelon.CanelonApplicationTests      : Started CanelonApplicationTests in 2.457 seconds (process running for 3.337)
2024-06-10T14:06:31.427-05:00  INFO 16456 --- [canelon] [ngodb.net:27017] org.mongodb.driver.cluster               : Monitor thread successfully connected to server with description ServerDescription{address=ac-sl5m78r-shard-00-01.25vzys4.mongodb.net:27017, type=REPLICA_SET_SECONDARY, state=CONNECTED, ok=true, minWireVersion=0, maxWireVersion=21, maxDocumentSize=16777216, logicalSessionTimeoutMinutes=30, roundTripTimeNanos=623311000, setName='atlas-6yyyyn-shard-0', canonicalAddress=ac-sl5m78r-shard-00-01.25vzys4.mongodb.net:27017, hosts=[ac-sl5m78r-shard-00-02.25vzys4.mongodb.net:27017, ac-sl5m78r-shard-00-01.25vzys4.mongodb.net:27017, ac-sl5m78r-shard-00-00.25vzys4.mongodb.net:27017], passives=[], arbiters=[], primary='ac-sl5m78r-shard-00-02.25vzys4.mongodb.net:27017', tagSet=TagSet{[Tag{name='availabilityZone', value='euw3-az2'}, Tag{name='diskState', value='READY'}, Tag{name='nodeType', value='ELECTABLE'}, Tag{name='provider', value='AWS'}, Tag{name='region', value='EU_WEST_3'}, Tag{name='workloadType', value='OPERATIONAL'}]}, electionId=null, setVersion=4, topologyVersion=TopologyVersion{processId=6661f148424e3693a787af11, counter=3}, lastWriteDate=Mon Jun 10 14:06:31 PET 2024, lastUpdateTimeNanos=183785204306600}
2024-06-10T14:06:31.427-05:00  INFO 16456 --- [canelon] [ngodb.net:27017] org.mongodb.driver.cluster               : Monitor thread successfully connected to server with description ServerDescription{address=ac-sl5m78r-shard-00-00.25vzys4.mongodb.net:27017, type=REPLICA_SET_SECONDARY, state=CONNECTED, ok=true, minWireVersion=0, maxWireVersion=21, maxDocumentSize=16777216, logicalSessionTimeoutMinutes=30, roundTripTimeNanos=629649700, setName='atlas-6yyyyn-shard-0', canonicalAddress=ac-sl5m78r-shard-00-00.25vzys4.mongodb.net:27017, hosts=[ac-sl5m78r-shard-00-02.25vzys4.mongodb.net:27017, ac-sl5m78r-shard-00-01.25vzys4.mongodb.net:27017, ac-sl5m78r-shard-00-00.25vzys4.mongodb.net:27017], passives=[], arbiters=[], primary='ac-sl5m78r-shard-00-02.25vzys4.mongodb.net:27017', tagSet=TagSet{[Tag{name='availabilityZone', value='euw3-az1'}, Tag{name='diskState', value='READY'}, Tag{name='nodeType', value='ELECTABLE'}, Tag{name='provider', value='AWS'}, Tag{name='region', value='EU_WEST_3'}, Tag{name='workloadType', value='OPERATIONAL'}]}, electionId=null, setVersion=4, topologyVersion=TopologyVersion{processId=6661ed03c4022da53945346e, counter=4}, lastWriteDate=Mon Jun 10 14:06:31 PET 2024, lastUpdateTimeNanos=183785204328800}
2024-06-10T14:06:31.427-05:00  INFO 16456 --- [canelon] [ngodb.net:27017] org.mongodb.driver.cluster               : Monitor thread successfully connected to server with description ServerDescription{address=ac-sl5m78r-shard-00-02.25vzys4.mongodb.net:27017, type=REPLICA_SET_PRIMARY, state=CONNECTED, ok=true, minWireVersion=0, maxWireVersion=21, maxDocumentSize=16777216, logicalSessionTimeoutMinutes=30, roundTripTimeNanos=624802600, setName='atlas-6yyyyn-shard-0', canonicalAddress=ac-sl5m78r-shard-00-02.25vzys4.mongodb.net:27017, hosts=[ac-sl5m78r-shard-00-02.25vzys4.mongodb.net:27017, ac-sl5m78r-shard-00-01.25vzys4.mongodb.net:27017, ac-sl5m78r-shard-00-00.25vzys4.mongodb.net:27017], passives=[], arbiters=[], primary='ac-sl5m78r-shard-00-02.25vzys4.mongodb.net:27017', tagSet=TagSet{[Tag{name='availabilityZone', value='euw3-az3'}, Tag{name='diskState', value='READY'}, Tag{name='nodeType', value='ELECTABLE'}, Tag{name='provider', value='AWS'}, Tag{name='region', value='EU_WEST_3'}, Tag{name='workloadType', value='OPERATIONAL'}]}, electionId=7fffffff000000000000000f, setVersion=4, topologyVersion=TopologyVersion{processId=6661ef7e3a8fd402b1340420, counter=6}, lastWriteDate=Mon Jun 10 14:06:31 PET 2024, lastUpdateTimeNanos=183785204423100}
2024-06-10T14:06:31.432-05:00  INFO 16456 --- [canelon] [ngodb.net:27017] org.mongodb.driver.cluster               : Discovered replica set primary ac-sl5m78r-shard-00-02.25vzys4.mongodb.net:27017 with max election id 7fffffff000000000000000f and max set version 4
]]></system-out>
  </testcase>
</testsuite>